@react-native-voice/voice/android/build/intermediates/manifest_merge_blame_file/debug/manifest-merger-blame-debug-report.txt
1<?xml version="1.0" encoding="utf-8"?>
2<manifest xmlns:android="http://schemas.android.com/apk/res/android"
3    xmlns:tools="http://schemas.android.com/tools"
4    package="com.wenkesj.voice" >
5
6    <uses-sdk
6-->src/main/AndroidManifest.xml:5:5-60
7        android:minSdkVersion="15"
7-->src/main/AndroidManifest.xml:5:5-60
8        tools:overrideLibrary="com.facebook.react" />
8-->src/main/AndroidManifest.xml:5:15-57
9
10    <uses-permission android:name="android.permission.RECORD_AUDIO" />
10-->src/main/AndroidManifest.xml:6:5-71
10-->src/main/AndroidManifest.xml:6:22-68
11    <uses-permission android:name="android.permission.INTERNET" />
11-->src/main/AndroidManifest.xml:7:5-67
11-->src/main/AndroidManifest.xml:7:22-64
12
13</manifest>